Build started 20/04/2016 21:15:35.
     1>Project "C:\Users\Joao\Documents\GitHub\INF1301-T2\Projeto Pilha\TRAB2-2\TRAB2-2\TRAB2-2.vcxproj" on node 2 (build target(s)).
     1>InitializeBuildStatus:
         Creating "Release\TRAB2-2.unsuccessfulbuild" because "AlwaysCreate" was specified.
       ClCompile:
         C:\Program Files (x86)\Microsoft Visual Studio 10.0\VC\bin\CL.exe /c /Zi /nologo /W3 /WX- /O2 /Oi /Oy- /GL /D WIN32 /D NDEBUG /D _CONSOLE /D _UNICODE /D UNICODE /Gm- /EHsc /MT /GS /Gy /fp:precise /Zc:wchar_t /Zc:forScope /Fo"Release\\" /Fd"Release\vc100.pdb" /Gd /TC /analyze- /errorReport:prompt TESTPIL.C
         TESTPIL.C
     1>TESTPIL.C(121): warning C4013: 'ValidarInxPilha' undefined; assuming extern returning int
     1>TESTPIL.C(218): warning C4101: 'DadoRetornado' : unreferenced local variable
       Link:
         C:\Program Files (x86)\Microsoft Visual Studio 10.0\VC\bin\link.exe /ERRORREPORT:PROMPT /OUT:"C:\Users\Joao\Documents\GitHub\INF1301-T2\Projeto Pilha\TRAB2-2\Release\TRAB2-2.exe" /INCREMENTAL:NO /NOLOGO kernel32.lib user32.lib gdi32.lib winspool.lib comdlg32.lib advapi32.lib shell32.lib ole32.lib oleaut32.lib uuid.lib odbc32.lib odbccp32.lib /MANIFEST /ManifestFile:"Release\TRAB2-2.exe.intermediate.manifest" /MANIFESTUAC:"level='asInvoker' uiAccess='false'" /DEBUG /PDB:"C:\Users\Joao\Documents\GitHub\INF1301-T2\Projeto Pilha\TRAB2-2\Release\TRAB2-2.pdb" /SUBSYSTEM:CONSOLE /OPT:REF /OPT:ICF /LTCG /TLBID:1 /DYNAMICBASE /NXCOMPAT /IMPLIB:"C:\Users\Joao\Documents\GitHub\INF1301-T2\Projeto Pilha\TRAB2-2\Release\TRAB2-2.lib" /MACHINE:X86 Release\LISTA.obj
         Release\PILHA.obj
         Release\TESTPIL.obj
         ArcaboucoTeste.lib
         Generating code
     1>c:\users\joao\documents\github\inf1301-t2\projeto pilha\trab2-2\trab2-2\pilha.c(85): warning C4700: uninitialized local variable 'condRetLista' used
     1>c:\users\joao\documents\github\inf1301-t2\projeto pilha\trab2-2\trab2-2\testpil.c(235): warning C4715: 'TST_EfetuarComando' : not all control paths return a value
         Finished generating code
         TRAB2-2.vcxproj -> C:\Users\Joao\Documents\GitHub\INF1301-T2\Projeto Pilha\TRAB2-2\Release\TRAB2-2.exe
       Manifest:
         C:\Program Files (x86)\Microsoft SDKs\Windows\v7.0A\bin\mt.exe /nologo /verbose /outputresource:"C:\Users\Joao\Documents\GitHub\INF1301-T2\Projeto Pilha\TRAB2-2\Release\TRAB2-2.exe;#1" /manifest "Release\TRAB2-2.exe.intermediate.manifest"
       FinalizeBuildStatus:
         Deleting file "Release\TRAB2-2.unsuccessfulbuild".
         Touching "Release\TRAB2-2.lastbuildstate".
     1>Done Building Project "C:\Users\Joao\Documents\GitHub\INF1301-T2\Projeto Pilha\TRAB2-2\TRAB2-2\TRAB2-2.vcxproj" (build target(s)).

Build succeeded.

Time Elapsed 00:00:00.54
