C:\USERS\JOAO\DOCUMENTS\GITHUB\INF1301-T2\PROJETO PILHA\TRAB2-2\DEBUG\TRAB2-2.EXE
C:\USERS\JOAO\DOCUMENTS\GITHUB\INF1301-T2\PROJETO PILHA\TRAB2-2\DEBUG\TRAB2-2.ILK
C:\USERS\JOAO\DOCUMENTS\GITHUB\INF1301-T2\PROJETO PILHA\TRAB2-2\DEBUG\TRAB2-2.PDB
C:\Users\Joao\Documents\GitHub\INF1301-T2\Projeto Pilha\TRAB2-2\TRAB2-2\Debug\cl.command.1.tlog
C:\Users\Joao\Documents\GitHub\INF1301-T2\Projeto Pilha\TRAB2-2\TRAB2-2\Debug\CL.read.1.tlog
C:\Users\Joao\Documents\GitHub\INF1301-T2\Projeto Pilha\TRAB2-2\TRAB2-2\Debug\CL.write.1.tlog
C:\Users\Joao\Documents\GitHub\INF1301-T2\Projeto Pilha\TRAB2-2\TRAB2-2\Debug\link.3140.read.1.tlog
C:\Users\Joao\Documents\GitHub\INF1301-T2\Projeto Pilha\TRAB2-2\TRAB2-2\Debug\link.3140.write.1.tlog
C:\Users\Joao\Documents\GitHub\INF1301-T2\Projeto Pilha\TRAB2-2\TRAB2-2\Debug\link.3140-cvtres.read.1.tlog
C:\Users\Joao\Documents\GitHub\INF1301-T2\Projeto Pilha\TRAB2-2\TRAB2-2\Debug\link.3140-cvtres.write.1.tlog
C:\Users\Joao\Documents\GitHub\INF1301-T2\Projeto Pilha\TRAB2-2\TRAB2-2\Debug\link.command.1.tlog
C:\Users\Joao\Documents\GitHub\INF1301-T2\Projeto Pilha\TRAB2-2\TRAB2-2\Debug\link.read.1.tlog
C:\Users\Joao\Documents\GitHub\INF1301-T2\Projeto Pilha\TRAB2-2\TRAB2-2\Debug\link.write.1.tlog
C:\Users\Joao\Documents\GitHub\INF1301-T2\Projeto Pilha\TRAB2-2\TRAB2-2\Debug\link-cvtres.read.1.tlog
C:\Users\Joao\Documents\GitHub\INF1301-T2\Projeto Pilha\TRAB2-2\TRAB2-2\Debug\link-cvtres.write.1.tlog
C:\USERS\JOAO\DOCUMENTS\GITHUB\INF1301-T2\PROJETO PILHA\TRAB2-2\TRAB2-2\DEBUG\LISTA.OBJ
C:\Users\Joao\Documents\GitHub\INF1301-T2\Projeto Pilha\TRAB2-2\TRAB2-2\Debug\mt.command.1.tlog
C:\Users\Joao\Documents\GitHub\INF1301-T2\Projeto Pilha\TRAB2-2\TRAB2-2\Debug\mt.read.1.tlog
C:\Users\Joao\Documents\GitHub\INF1301-T2\Projeto Pilha\TRAB2-2\TRAB2-2\Debug\mt.write.1.tlog
C:\Users\Joao\Documents\GitHub\INF1301-T2\Projeto Pilha\TRAB2-2\TRAB2-2\Debug\rc.command.1.tlog
C:\Users\Joao\Documents\GitHub\INF1301-T2\Projeto Pilha\TRAB2-2\TRAB2-2\Debug\rc.read.1.tlog
C:\Users\Joao\Documents\GitHub\INF1301-T2\Projeto Pilha\TRAB2-2\TRAB2-2\Debug\rc.write.1.tlog
C:\USERS\JOAO\DOCUMENTS\GITHUB\INF1301-T2\PROJETO PILHA\TRAB2-2\TRAB2-2\DEBUG\TESTPILHA.OBJ
C:\USERS\JOAO\DOCUMENTS\GITHUB\INF1301-T2\PROJETO PILHA\TRAB2-2\TRAB2-2\DEBUG\TRAB2-2.EXE.EMBED.MANIFEST
C:\USERS\JOAO\DOCUMENTS\GITHUB\INF1301-T2\PROJETO PILHA\TRAB2-2\TRAB2-2\DEBUG\TRAB2-2.EXE.EMBED.MANIFEST.RES
C:\USERS\JOAO\DOCUMENTS\GITHUB\INF1301-T2\PROJETO PILHA\TRAB2-2\TRAB2-2\DEBUG\TRAB2-2.EXE.INTERMEDIATE.MANIFEST
C:\Users\Joao\Documents\GitHub\INF1301-T2\Projeto Pilha\TRAB2-2\TRAB2-2\Debug\TRAB2-2.write.1.tlog
C:\Users\Joao\Documents\GitHub\INF1301-T2\Projeto Pilha\TRAB2-2\TRAB2-2\Debug\TRAB2-2_manifest.rc
C:\Users\Joao\Documents\GitHub\INF1301-T2\Projeto Pilha\TRAB2-2\TRAB2-2\Debug\vc100.idb
C:\USERS\JOAO\DOCUMENTS\GITHUB\INF1301-T2\PROJETO PILHA\TRAB2-2\TRAB2-2\DEBUG\VC100.PDB
