Build started 23/04/2016 10:01:02.
     1>Project "C:\Users\Joao\Desktop\INF1301-T2\Projeto Matriz de Pilhas\TRAB2-3\TRAB2-3\TRAB2-3.vcxproj" on node 2 (rebuild target(s)).
     1>InitializeBuildStatus:
         Creating "Release\TRAB2-3.unsuccessfulbuild" because "AlwaysCreate" was specified.
       ClCompile:
         C:\Program Files (x86)\Microsoft Visual Studio 10.0\VC\bin\CL.exe /c /Zi /nologo /W3 /WX- /O2 /Oi /Oy- /GL /D WIN32 /D NDEBUG /D _CONSOLE /D _UNICODE /D UNICODE /Gm- /EHsc /MT /GS /Gy /fp:precise /Zc:wchar_t /Zc:forScope /Fo"Release\\" /Fd"Release\vc100.pdb" /Gd /TC /analyze- /errorReport:prompt LISTA.C MATRIZ.C PILHA.C TESTMAT.C
         LISTA.C
     1>LISTA.C(220): warning C4028: formal parameter 2 different from declaration
     1>LISTA.C(326): warning C4047: 'return' : 'char' differs in levels of indirection from 'void *'
     1>LISTA.C(457): warning C4028: formal parameter 2 different from declaration
     1>LISTA.C(504): warning C4047: '!=' : 'int' differs in levels of indirection from 'void *'
         MATRIZ.C
     1>MATRIZ.C(780): warning C4047: 'function' : 'PIL_tppPilha' differs in levels of indirection from 'PIL_tppPilha *'
     1>MATRIZ.C(780): warning C4024: 'PIL_DestruirPilha' : different types for formal and actual parameter 1
         PILHA.C
     1>PILHA.C(83): warning C4028: formal parameter 1 different from declaration
     1>PILHA.C(103): warning C4101: 'condRetLista' : unreferenced local variable
     1>PILHA.C(207): warning C4047: '==' : 'int' differs in levels of indirection from 'void *'
     1>PILHA.C(194): warning C4101: 'valor' : unreferenced local variable
     1>PILHA.C(242): warning C4028: formal parameter 1 different from declaration
         TESTMAT.C
     1>TESTMAT.C(97): warning C4101: 'pDado' : unreferenced local variable
       Link:
         C:\Program Files (x86)\Microsoft Visual Studio 10.0\VC\bin\link.exe /ERRORREPORT:PROMPT /OUT:"C:\Users\Joao\Desktop\INF1301-T2\Projeto Matriz de Pilhas\TRAB2-3\Release\TRAB2-3.exe" /INCREMENTAL:NO /NOLOGO kernel32.lib user32.lib gdi32.lib winspool.lib comdlg32.lib advapi32.lib shell32.lib ole32.lib oleaut32.lib uuid.lib odbc32.lib odbccp32.lib /MANIFEST /ManifestFile:"Release\TRAB2-3.exe.intermediate.manifest" /MANIFESTUAC:"level='asInvoker' uiAccess='false'" /DEBUG /PDB:"C:\Users\Joao\Desktop\INF1301-T2\Projeto Matriz de Pilhas\TRAB2-3\Release\TRAB2-3.pdb" /SUBSYSTEM:CONSOLE /OPT:REF /OPT:ICF /LTCG /TLBID:1 /DYNAMICBASE /NXCOMPAT /IMPLIB:"C:\Users\Joao\Desktop\INF1301-T2\Projeto Matriz de Pilhas\TRAB2-3\Release\TRAB2-3.lib" /MACHINE:X86 Release\LISTA.obj
         Release\MATRIZ.obj
         Release\PILHA.obj
         Release\TESTMAT.obj
         ArcaboucoTeste.lib
         Generating code
     1>c:\users\joao\desktop\inf1301-t2\projeto matriz de pilhas\trab2-3\trab2-3\pilha.c(85): warning C4700: uninitialized local variable 'condRetLista' used
     1>c:\users\joao\desktop\inf1301-t2\projeto matriz de pilhas\trab2-3\trab2-3\testmat.c(320): warning C4715: 'TST_EfetuarComando' : not all control paths return a value
         Finished generating code
         TRAB2-3.vcxproj -> C:\Users\Joao\Desktop\INF1301-T2\Projeto Matriz de Pilhas\TRAB2-3\Release\TRAB2-3.exe
       Manifest:
         C:\Program Files (x86)\Microsoft SDKs\Windows\v7.0A\bin\mt.exe /nologo /verbose /outputresource:"C:\Users\Joao\Desktop\INF1301-T2\Projeto Matriz de Pilhas\TRAB2-3\Release\TRAB2-3.exe;#1" /manifest "Release\TRAB2-3.exe.intermediate.manifest"
       FinalizeBuildStatus:
         Deleting file "Release\TRAB2-3.unsuccessfulbuild".
         Touching "Release\TRAB2-3.lastbuildstate".
     1>Done Building Project "C:\Users\Joao\Desktop\INF1301-T2\Projeto Matriz de Pilhas\TRAB2-3\TRAB2-3\TRAB2-3.vcxproj" (rebuild target(s)).

Build succeeded.

Time Elapsed 00:00:00.66
