C:\USERS\JOAO\DOCUMENTS\GITHUB\INF1301-T2\PROJETO MATRIZ DE PILHAS\TRAB2-3\DEBUG\TRAB2-3.EXE
C:\USERS\JOAO\DOCUMENTS\GITHUB\INF1301-T2\PROJETO MATRIZ DE PILHAS\TRAB2-3\DEBUG\TRAB2-3.ILK
C:\USERS\JOAO\DOCUMENTS\GITHUB\INF1301-T2\PROJETO MATRIZ DE PILHAS\TRAB2-3\DEBUG\TRAB2-3.PDB
C:\Users\Joao\Documents\GitHub\INF1301-T2\Projeto Matriz de Pilhas\TRAB2-3\TRAB2-3\Debug\cl.command.1.tlog
C:\Users\Joao\Documents\GitHub\INF1301-T2\Projeto Matriz de Pilhas\TRAB2-3\TRAB2-3\Debug\CL.read.1.tlog
C:\Users\Joao\Documents\GitHub\INF1301-T2\Projeto Matriz de Pilhas\TRAB2-3\TRAB2-3\Debug\CL.write.1.tlog
C:\Users\Joao\Documents\GitHub\INF1301-T2\Projeto Matriz de Pilhas\TRAB2-3\TRAB2-3\Debug\link.5376.read.1.tlog
C:\Users\Joao\Documents\GitHub\INF1301-T2\Projeto Matriz de Pilhas\TRAB2-3\TRAB2-3\Debug\link.5376.write.1.tlog
C:\Users\Joao\Documents\GitHub\INF1301-T2\Projeto Matriz de Pilhas\TRAB2-3\TRAB2-3\Debug\link.5376-cvtres.read.1.tlog
C:\Users\Joao\Documents\GitHub\INF1301-T2\Projeto Matriz de Pilhas\TRAB2-3\TRAB2-3\Debug\link.5376-cvtres.write.1.tlog
C:\Users\Joao\Documents\GitHub\INF1301-T2\Projeto Matriz de Pilhas\TRAB2-3\TRAB2-3\Debug\link.command.1.tlog
C:\Users\Joao\Documents\GitHub\INF1301-T2\Projeto Matriz de Pilhas\TRAB2-3\TRAB2-3\Debug\link.read.1.tlog
C:\Users\Joao\Documents\GitHub\INF1301-T2\Projeto Matriz de Pilhas\TRAB2-3\TRAB2-3\Debug\link.write.1.tlog
C:\Users\Joao\Documents\GitHub\INF1301-T2\Projeto Matriz de Pilhas\TRAB2-3\TRAB2-3\Debug\link-cvtres.read.1.tlog
C:\Users\Joao\Documents\GitHub\INF1301-T2\Projeto Matriz de Pilhas\TRAB2-3\TRAB2-3\Debug\link-cvtres.write.1.tlog
C:\USERS\JOAO\DOCUMENTS\GITHUB\INF1301-T2\PROJETO MATRIZ DE PILHAS\TRAB2-3\TRAB2-3\DEBUG\LISTA.OBJ
C:\Users\Joao\Documents\GitHub\INF1301-T2\Projeto Matriz de Pilhas\TRAB2-3\TRAB2-3\Debug\mt.command.1.tlog
C:\Users\Joao\Documents\GitHub\INF1301-T2\Projeto Matriz de Pilhas\TRAB2-3\TRAB2-3\Debug\mt.read.1.tlog
C:\Users\Joao\Documents\GitHub\INF1301-T2\Projeto Matriz de Pilhas\TRAB2-3\TRAB2-3\Debug\mt.write.1.tlog
C:\Users\Joao\Documents\GitHub\INF1301-T2\Projeto Matriz de Pilhas\TRAB2-3\TRAB2-3\Debug\rc.command.1.tlog
C:\Users\Joao\Documents\GitHub\INF1301-T2\Projeto Matriz de Pilhas\TRAB2-3\TRAB2-3\Debug\rc.read.1.tlog
C:\Users\Joao\Documents\GitHub\INF1301-T2\Projeto Matriz de Pilhas\TRAB2-3\TRAB2-3\Debug\rc.write.1.tlog
C:\USERS\JOAO\DOCUMENTS\GITHUB\INF1301-T2\PROJETO MATRIZ DE PILHAS\TRAB2-3\TRAB2-3\DEBUG\TESTMATRIZ.OBJ
C:\USERS\JOAO\DOCUMENTS\GITHUB\INF1301-T2\PROJETO MATRIZ DE PILHAS\TRAB2-3\TRAB2-3\DEBUG\TRAB2-3.EXE.EMBED.MANIFEST
C:\USERS\JOAO\DOCUMENTS\GITHUB\INF1301-T2\PROJETO MATRIZ DE PILHAS\TRAB2-3\TRAB2-3\DEBUG\TRAB2-3.EXE.EMBED.MANIFEST.RES
C:\USERS\JOAO\DOCUMENTS\GITHUB\INF1301-T2\PROJETO MATRIZ DE PILHAS\TRAB2-3\TRAB2-3\DEBUG\TRAB2-3.EXE.INTERMEDIATE.MANIFEST
C:\Users\Joao\Documents\GitHub\INF1301-T2\Projeto Matriz de Pilhas\TRAB2-3\TRAB2-3\Debug\TRAB2-3.write.1.tlog
C:\Users\Joao\Documents\GitHub\INF1301-T2\Projeto Matriz de Pilhas\TRAB2-3\TRAB2-3\Debug\TRAB2-3_manifest.rc
C:\Users\Joao\Documents\GitHub\INF1301-T2\Projeto Matriz de Pilhas\TRAB2-3\TRAB2-3\Debug\vc100.idb
C:\USERS\JOAO\DOCUMENTS\GITHUB\INF1301-T2\PROJETO MATRIZ DE PILHAS\TRAB2-3\TRAB2-3\DEBUG\VC100.PDB
