Build started 20/05/2016 15:58:51.
     1>Project "C:\Users\Joao\Documents\BitBucket\trab3\TRAB3-1\TRAB3-1\TRAB3-1.vcxproj" on node 2 (build target(s)).
     1>InitializeBuildStatus:
         Creating "Debug\TRAB3-1.unsuccessfulbuild" because "AlwaysCreate" was specified.
       ClCompile:
         C:\Program Files (x86)\Microsoft Visual Studio 10.0\VC\bin\CL.exe /c /ZI /nologo /W3 /WX- /Od /Oy- /D WIN32 /D _DEBUG /D _CONSOLE /D _UNICODE /D UNICODE /Gm /EHsc /RTC1 /MDd /GS /fp:precise /Zc:wchar_t /Zc:forScope /Fo"Debug\\" /Fd"Debug\vc100.pdb" /Gd /TC /analyze- /errorReport:prompt JOGO.C
         JOGO.C
     1>c:\users\joao\documents\bitbucket\trab3\trab3-1\trab3-1\jogo.c(123): warning C4996: 'scanf': This function or variable may be unsafe. Consider using scanf_s instead. To disable deprecation, use _CRT_SECURE_NO_WARNINGS. See online help for details.
                 c:\program files (x86)\microsoft visual studio 10.0\vc\include\stdio.h(304) : see declaration of 'scanf'
     1>c:\users\joao\documents\bitbucket\trab3\trab3-1\trab3-1\jogo.c(86): warning C4101: 'i' : unreferenced local variable
     1>c:\users\joao\documents\bitbucket\trab3\trab3-1\trab3-1\jogo.c(303): warning C4101: 'contadorAltura' : unreferenced local variable
     1>c:\users\joao\documents\bitbucket\trab3\trab3-1\trab3-1\jogo.c(418): warning C4244: 'function' : conversion from 'time_t' to 'unsigned int', possible loss of data
     1>c:\users\joao\documents\bitbucket\trab3\trab3-1\trab3-1\jogo.c(415): warning C4101: 'l' : unreferenced local variable
     1>c:\users\joao\documents\bitbucket\trab3\trab3-1\trab3-1\jogo.c(616): warning C4047: 'initializing' : 'char' differs in levels of indirection from 'void *'
     1>c:\users\joao\documents\bitbucket\trab3\trab3-1\trab3-1\jogo.c(617): warning C4047: 'initializing' : 'char' differs in levels of indirection from 'void *'
     1>c:\users\joao\documents\bitbucket\trab3\trab3-1\trab3-1\jogo.c(730): warning C4047: 'initializing' : 'char' differs in levels of indirection from 'void *'
     1>c:\users\joao\documents\bitbucket\trab3\trab3-1\trab3-1\jogo.c(374): warning C4700: uninitialized local variable 'retMatriz' used
       ManifestResourceCompile:
         All outputs are up-to-date.
       Link:
         C:\Program Files (x86)\Microsoft Visual Studio 10.0\VC\bin\link.exe /ERRORREPORT:PROMPT /OUT:"C:\Users\Joao\Documents\BitBucket\trab3\TRAB3-1\Debug\TRAB3-1.exe" /INCREMENTAL /NOLOGO kernel32.lib user32.lib gdi32.lib winspool.lib comdlg32.lib advapi32.lib shell32.lib ole32.lib oleaut32.lib uuid.lib odbc32.lib odbccp32.lib /MANIFEST /ManifestFile:"Debug\TRAB3-1.exe.intermediate.manifest" /MANIFESTUAC:"level='asInvoker' uiAccess='false'" /DEBUG /PDB:"C:\Users\Joao\Documents\BitBucket\trab3\TRAB3-1\Debug\TRAB3-1.pdb" /SUBSYSTEM:CONSOLE /TLBID:1 /DYNAMICBASE /NXCOMPAT /IMPLIB:"C:\Users\Joao\Documents\BitBucket\trab3\TRAB3-1\Debug\TRAB3-1.lib" /MACHINE:X86 "Debug\TRAB3-1.exe.embed.manifest.res"
         Debug\JOGO.obj
         Debug\LISTA.obj
         Debug\MATRIZ.obj
         Debug\PILHA.obj
       Manifest:
         C:\Program Files (x86)\Microsoft SDKs\Windows\v7.0A\bin\mt.exe /nologo /verbose /out:"Debug\TRAB3-1.exe.embed.manifest" /manifest "Debug\TRAB3-1.exe.intermediate.manifest"
         All outputs are up-to-date.
       LinkEmbedManifest:
         All outputs are up-to-date.
         TRAB3-1.vcxproj -> C:\Users\Joao\Documents\BitBucket\trab3\TRAB3-1\Debug\TRAB3-1.exe
       FinalizeBuildStatus:
         Deleting file "Debug\TRAB3-1.unsuccessfulbuild".
         Touching "Debug\TRAB3-1.lastbuildstate".
     1>Done Building Project "C:\Users\Joao\Documents\BitBucket\trab3\TRAB3-1\TRAB3-1\TRAB3-1.vcxproj" (build target(s)).

Build succeeded.

Time Elapsed 00:00:00.49
