Build started 20/04/2016 10:26:24.
     1>Project "C:\Users\Joao\Documents\GitHub\INF1301-T2\Projeto Pilha\TRAB2-2\TRAB2-2\TRAB2-2.vcxproj" on node 2 (build target(s)).
     1>InitializeBuildStatus:
         Creating "Debug\TRAB2-2.unsuccessfulbuild" because "AlwaysCreate" was specified.
       ClCompile:
         C:\Program Files (x86)\Microsoft Visual Studio 10.0\VC\bin\CL.exe /c /ZI /nologo /W3 /WX- /Od /Oy- /D WIN32 /D _DEBUG /D _CONSOLE /D _UNICODE /D UNICODE /Gm /EHsc /RTC1 /MT /GS /fp:precise /Zc:wchar_t /Zc:forScope /Fo"Debug\\" /Fd"Debug\vc100.pdb" /Gd /TC /analyze- /errorReport:prompt LISTA.C PILHA.C TESTPIL.C
         TESTPIL.C
     1>c:\users\joao\documents\github\inf1301-t2\projeto pilha\trab2-2\trab2-2\testpil.c(125): warning C4013: 'ValidarInxPilha' undefined; assuming extern returning int
         PILHA.C
     1>c:\users\joao\documents\github\inf1301-t2\projeto pilha\trab2-2\trab2-2\pilha.c(83): warning C4028: formal parameter 1 different from declaration
     1>c:\users\joao\documents\github\inf1301-t2\projeto pilha\trab2-2\trab2-2\pilha.c(103): warning C4101: 'condRetLista' : unreferenced local variable
     1>c:\users\joao\documents\github\inf1301-t2\projeto pilha\trab2-2\trab2-2\pilha.c(127): warning C4028: formal parameter 1 different from declaration
     1>c:\users\joao\documents\github\inf1301-t2\projeto pilha\trab2-2\trab2-2\pilha.c(160): warning C4028: formal parameter 1 different from declaration
     1>c:\users\joao\documents\github\inf1301-t2\projeto pilha\trab2-2\trab2-2\pilha.c(193): warning C4028: formal parameter 1 different from declaration
     1>c:\users\joao\documents\github\inf1301-t2\projeto pilha\trab2-2\trab2-2\pilha.c(194): warning C4101: 'valor' : unreferenced local variable
     1>c:\users\joao\documents\github\inf1301-t2\projeto pilha\trab2-2\trab2-2\pilha.c(222): warning C4028: formal parameter 1 different from declaration
     1>c:\users\joao\documents\github\inf1301-t2\projeto pilha\trab2-2\trab2-2\pilha.c(241): warning C4028: formal parameter 1 different from declaration
         LISTA.C
     1>c:\users\joao\documents\github\inf1301-t2\projeto pilha\trab2-2\trab2-2\lista.c(177): warning C4047: 'function' : 'char *' differs in levels of indirection from 'char'
     1>c:\users\joao\documents\github\inf1301-t2\projeto pilha\trab2-2\trab2-2\lista.c(177): warning C4024: 'CriarElemento' : different types for formal and actual parameter 2
     1>c:\users\joao\documents\github\inf1301-t2\projeto pilha\trab2-2\trab2-2\lista.c(218): warning C4028: formal parameter 2 different from declaration
     1>c:\users\joao\documents\github\inf1301-t2\projeto pilha\trab2-2\trab2-2\lista.c(228): warning C4047: 'function' : 'char *' differs in levels of indirection from 'char'
     1>c:\users\joao\documents\github\inf1301-t2\projeto pilha\trab2-2\trab2-2\lista.c(228): warning C4024: 'CriarElemento' : different types for formal and actual parameter 2
     1>c:\users\joao\documents\github\inf1301-t2\projeto pilha\trab2-2\trab2-2\lista.c(324): warning C4047: 'return' : 'char' differs in levels of indirection from 'void *'
     1>c:\users\joao\documents\github\inf1301-t2\projeto pilha\trab2-2\trab2-2\lista.c(472): warning C4047: '==' : 'int' differs in levels of indirection from 'char *'
     1>c:\users\joao\documents\github\inf1301-t2\projeto pilha\trab2-2\trab2-2\lista.c(502): warning C4047: '!=' : 'int' differs in levels of indirection from 'void *'
     1>c:\users\joao\documents\github\inf1301-t2\projeto pilha\trab2-2\trab2-2\lista.c(522): warning C4028: formal parameter 2 different from declaration
         Generating Code...
     1>c:\users\joao\documents\github\inf1301-t2\projeto pilha\trab2-2\trab2-2\pilha.c(85): warning C4700: uninitialized local variable 'condRetLista' used
     1>c:\users\joao\documents\github\inf1301-t2\projeto pilha\trab2-2\trab2-2\testpil.c(227): warning C4715: 'TST_EfetuarComando' : not all control paths return a value
     1>c:\users\joao\documents\github\inf1301-t2\projeto pilha\trab2-2\trab2-2\testpil.c(224): warning C4700: uninitialized local variable 'DadoRetornado' used
       ManifestResourceCompile:
         All outputs are up-to-date.
       Link:
         C:\Program Files (x86)\Microsoft Visual Studio 10.0\VC\bin\link.exe /ERRORREPORT:PROMPT /OUT:"C:\Users\Joao\Documents\GitHub\INF1301-T2\Projeto Pilha\TRAB2-2\Debug\TRAB2-2.exe" /INCREMENTAL /NOLOGO kernel32.lib user32.lib gdi32.lib winspool.lib comdlg32.lib advapi32.lib shell32.lib ole32.lib oleaut32.lib uuid.lib odbc32.lib odbccp32.lib /MANIFEST /ManifestFile:"Debug\TRAB2-2.exe.intermediate.manifest" /MANIFESTUAC:"level='asInvoker' uiAccess='false'" /DEBUG /PDB:"C:\Users\Joao\Documents\GitHub\INF1301-T2\Projeto Pilha\TRAB2-2\Debug\TRAB2-2.pdb" /SUBSYSTEM:CONSOLE /TLBID:1 /DYNAMICBASE /NXCOMPAT /IMPLIB:"C:\Users\Joao\Documents\GitHub\INF1301-T2\Projeto Pilha\TRAB2-2\Debug\TRAB2-2.lib" /MACHINE:X86 "Debug\TRAB2-2.exe.embed.manifest.res"
         Debug\LISTA.obj
         Debug\PILHA.obj
         Debug\TESTPIL.obj
         ArcaboucoTeste.lib
       Manifest:
         C:\Program Files (x86)\Microsoft SDKs\Windows\v7.0A\bin\mt.exe /nologo /verbose /out:"Debug\TRAB2-2.exe.embed.manifest" /manifest "Debug\TRAB2-2.exe.intermediate.manifest"
         All outputs are up-to-date.
       LinkEmbedManifest:
         All outputs are up-to-date.
         TRAB2-2.vcxproj -> C:\Users\Joao\Documents\GitHub\INF1301-T2\Projeto Pilha\TRAB2-2\Debug\TRAB2-2.exe
       FinalizeBuildStatus:
         Deleting file "Debug\TRAB2-2.unsuccessfulbuild".
         Touching "Debug\TRAB2-2.lastbuildstate".
     1>Done Building Project "C:\Users\Joao\Documents\GitHub\INF1301-T2\Projeto Pilha\TRAB2-2\TRAB2-2\TRAB2-2.vcxproj" (build target(s)).

Build succeeded.

Time Elapsed 00:00:00.85
