Build started 20/04/2016 21:05:26.
     1>Project "C:\Users\Joao\Documents\GitHub\INF1301-T2\Projeto Lista\TRAB2-1\TRAB2-1\TRAB2-1.vcxproj" on node 2 (rebuild target(s)).
     1>_PrepareForClean:
         Deleting file "Release\TRAB2-1.lastbuildstate".
       InitializeBuildStatus:
         Creating "Release\TRAB2-1.unsuccessfulbuild" because "AlwaysCreate" was specified.
       ClCompile:
         C:\Program Files (x86)\Microsoft Visual Studio 10.0\VC\bin\CL.exe /c /Zi /nologo /W3 /WX- /O2 /Oi /Oy- /GL /D WIN32 /D NDEBUG /D _CONSOLE /D _UNICODE /D UNICODE /Gm- /EHsc /MT /GS /Gy /fp:precise /Zc:wchar_t /Zc:forScope /Fo"Release\\" /Fd"Release\vc100.pdb" /Gd /TC /analyze- /errorReport:prompt LISTA.C TESTLIS.C
         LISTA.C
     1>LISTA.C(326): warning C4047: 'return' : 'char' differs in levels of indirection from 'void *'
     1>LISTA.C(457): warning C4028: formal parameter 2 different from declaration
     1>LISTA.C(504): warning C4047: '!=' : 'int' differs in levels of indirection from 'void *'
         TESTLIS.C
     1>TESTLIS.C(282): warning C4047: '==' : 'int' differs in levels of indirection from 'void *'
       Link:
         C:\Program Files (x86)\Microsoft Visual Studio 10.0\VC\bin\link.exe /ERRORREPORT:PROMPT /OUT:"C:\Users\Joao\Documents\GitHub\INF1301-T2\Projeto Lista\TRAB2-1\Release\TRAB2-1.exe" /INCREMENTAL:NO /NOLOGO kernel32.lib user32.lib gdi32.lib winspool.lib comdlg32.lib advapi32.lib shell32.lib ole32.lib oleaut32.lib uuid.lib odbc32.lib odbccp32.lib /MANIFEST /ManifestFile:"Release\TRAB2-1.exe.intermediate.manifest" /MANIFESTUAC:"level='asInvoker' uiAccess='false'" /DEBUG /PDB:"C:\Users\Joao\Documents\GitHub\INF1301-T2\Projeto Lista\TRAB2-1\Release\TRAB2-1.pdb" /SUBSYSTEM:CONSOLE /OPT:REF /OPT:ICF /LTCG /TLBID:1 /DYNAMICBASE /NXCOMPAT /IMPLIB:"C:\Users\Joao\Documents\GitHub\INF1301-T2\Projeto Lista\TRAB2-1\Release\TRAB2-1.lib" /MACHINE:X86 Release\LISTA.obj
         Release\TESTLIS.obj
         ArcaboucoTeste.lib
         Generating code
         Finished generating code
         TRAB2-1.vcxproj -> C:\Users\Joao\Documents\GitHub\INF1301-T2\Projeto Lista\TRAB2-1\Release\TRAB2-1.exe
       Manifest:
         C:\Program Files (x86)\Microsoft SDKs\Windows\v7.0A\bin\mt.exe /nologo /verbose /outputresource:"C:\Users\Joao\Documents\GitHub\INF1301-T2\Projeto Lista\TRAB2-1\Release\TRAB2-1.exe;#1" /manifest "Release\TRAB2-1.exe.intermediate.manifest"
       FinalizeBuildStatus:
         Deleting file "Release\TRAB2-1.unsuccessfulbuild".
         Touching "Release\TRAB2-1.lastbuildstate".
     1>Done Building Project "C:\Users\Joao\Documents\GitHub\INF1301-T2\Projeto Lista\TRAB2-1\TRAB2-1\TRAB2-1.vcxproj" (rebuild target(s)).

Build succeeded.

Time Elapsed 00:00:00.62
